<?xml version="1.0" encoding="UTF-8"?>
<testsuite xmlns:xsi="http://www.w3.org/2001/XMLSchema-instance" xsi:noNamespaceSchemaLocation="https://maven.apache.org/surefire/maven-surefire-plugin/xsd/surefire-test-report-3.0.xsd" version="3.0" name="TestSuite" time="40.258" tests="3" errors="0" skipped="0" failures="1">
  <properties>
[...]
</properties>
  <testcase name="validateHomePage" classname="Academy.HomePageChecks" time="2.743"/>
  <testcase name="validateTitle" classname="Academy.ValidateTitle" time="0.649">
    <failure message="expected:&lt;FEATURED COURSES[]&gt; but was:&lt;FEATURED COURSES[123]&gt;" type="org.junit.ComparisonFailure"><![CDATA[org.junit.ComparisonFailure: expected:<FEATURED COURSES[]> but was:<FEATURED COURSES[123]>
	at Academy.ValidateTitle.validateTitle(ValidateTitle.java:45)
]]></failure>
    <system-out><![CDATA[After Test
Before Test
Chrome Browser Seleceted
]]></system-out>
    <system-err><![CDATA[Starting ChromeDriver 80.0.3987.16 (320f6526c1632ad4f205ebce69b99a062ed78647-refs/branch-heads/3987@{#185}) on port 30904
Only local connections are allowed.
Please protect ports used by ChromeDriver and related test frameworks to prevent access by malicious code.
[1590497555.998][WARNING]: This version of ChromeDriver has not been tested with Chrome version 81.
[1590497558.002][WARNING]: Timed out connecting to Chrome, retrying...
May 26, 2020 1:52:40 PM org.openqa.selenium.remote.ProtocolHandshake createSession
INFO: Detected dialect: W3C
[1590497562.023][WARNING]: Timed out connecting to Chrome, retrying...
[1590497565.058][SEVERE]: Timed out receiving message from renderer: 0.100
[1590497565.239][SEVERE]: Timed out receiving message from renderer: 0.100
[1590497565.341][SEVERE]: Timed out receiving message from renderer: 0.100
[1590497565.444][SEVERE]: Timed out receiving message from renderer: 0.100
[1590497565.545][SEVERE]: Timed out receiving message from renderer: 0.100
[1590497565.646][SEVERE]: Timed out receiving message from renderer: 0.100
[1590497565.747][SEVERE]: Timed out receiving message from renderer: 0.100
[1590497565.850][SEVERE]: Timed out receiving message from renderer: 0.100
[1590497566.409][SEVERE]: Timed out receiving message from renderer: 0.100
]]></system-err>
  </testcase>
  <testcase name="validateNavBar" classname="Academy.ValidateNavBar" time="0.04"/>
</testsuite>