<?xml version="1.0" encoding="UTF-8"?>
<testng-results skipped="0" failed="1" ignored="0" total="3" passed="2">
  <reporter-output>
  </reporter-output>
  <suite name="Suite" duration-ms="39743" started-at="2020-05-26T13:52:19 BST" finished-at="2020-05-26T13:52:58 BST">
    <groups>
    </groups>
    <test name="HomePageChecks" duration-ms="15685" started-at="2020-05-26T13:52:19 BST" finished-at="2020-05-26T13:52:34 BST">
      <class name="Academy.HomePageChecks">
        <test-method status="PASS" signature="initialize()[pri:0, instance:Academy.HomePageChecks@57f23557]" name="initialize" is-config="true" duration-ms="12871" started-at="2020-05-26T13:52:19 BST" finished-at="2020-05-26T13:52:31 BST">
          <reporter-output>
          </reporter-output>
        </test-method> <!-- initialize -->
        <test-method status="PASS" signature="validateHomePage(java.lang.String, java.lang.String)[pri:0, instance:Academy.HomePageChecks@57f23557]" name="validateHomePage" duration-ms="2740" started-at="2020-05-26T13:52:31 BST" data-provider="getData" finished-at="2020-05-26T13:52:34 BST">
          <params>
            <param index="0">
              <value>
                <![CDATA[Username1@user.com]]>
              </value>
            </param>
            <param index="1">
              <value>
                <![CDATA[Password1]]>
              </value>
            </param>
          </params>
          <reporter-output>
          </reporter-output>
        </test-method> <!-- validateHomePage -->
        <test-method status="PASS" signature="closeBrowsers()[pri:0, instance:Academy.HomePageChecks@57f23557]" name="closeBrowsers" is-config="true" duration-ms="49" started-at="2020-05-26T13:52:34 BST" finished-at="2020-05-26T13:52:34 BST">
          <reporter-output>
          </reporter-output>
        </test-method> <!-- closeBrowsers -->
      </class> <!-- Academy.HomePageChecks -->
    </test> <!-- HomePageChecks -->
    <test name="ValidateTitle" duration-ms="12217" started-at="2020-05-26T13:52:34 BST" finished-at="2020-05-26T13:52:47 BST">
      <class name="Academy.ValidateTitle">
        <test-method status="PASS" signature="initialize()[pri:0, instance:Academy.ValidateTitle@f4168b8]" name="initialize" is-config="true" duration-ms="11521" started-at="2020-05-26T13:52:34 BST" finished-at="2020-05-26T13:52:46 BST">
          <reporter-output>
          </reporter-output>
        </test-method> <!-- initialize -->
        <test-method status="FAIL" signature="validateTitle()[pri:0, instance:Academy.ValidateTitle@f4168b8]" name="validateTitle" duration-ms="43" started-at="2020-05-26T13:52:46 BST" finished-at="2020-05-26T13:52:46 BST">
          <exception class="org.junit.ComparisonFailure">
            <message>
              <![CDATA[expected:<FEATURED COURSES[]> but was:<FEATURED COURSES[123]>]]>
            </message>
            <full-stacktrace>
              <![CDATA[org.junit.ComparisonFailure: expected:<FEATURED COURSES[]> but was:<FEATURED COURSES[123]>
at org.junit.Assert.assertEquals(Assert.java:115)
at org.junit.Assert.assertEquals(Assert.java:144)
at Academy.ValidateTitle.validateTitle(ValidateTitle.java:45)
at sun.reflect.NativeMethodAccessorImpl.invoke0(Native Method)
at sun.reflect.NativeMethodAccessorImpl.invoke(NativeMethodAccessorImpl.java:62)
at sun.reflect.DelegatingMethodAccessorImpl.invoke(DelegatingMethodAccessorImpl.java:43)
at java.lang.reflect.Method.invoke(Method.java:498)
at org.testng.internal.MethodInvocationHelper.invokeMethod(MethodInvocationHelper.java:134)
at org.testng.internal.TestInvoker.invokeMethod(TestInvoker.java:597)
at org.testng.internal.TestInvoker.invokeTestMethod(TestInvoker.java:173)
at org.testng.internal.MethodRunner.runInSequence(MethodRunner.java:46)
at org.testng.internal.TestInvoker$MethodInvocationAgent.invoke(TestInvoker.java:816)
at org.testng.internal.TestInvoker.invokeTestMethods(TestInvoker.java:146)
at org.testng.internal.TestMethodWorker.invokeTestMethods(TestMethodWorker.java:146)
at org.testng.internal.TestMethodWorker.run(TestMethodWorker.java:128)
at java.util.ArrayList.forEach(ArrayList.java:1257)
at org.testng.TestRunner.privateRun(TestRunner.java:766)
at org.testng.TestRunner.run(TestRunner.java:587)
at org.testng.SuiteRunner.runTest(SuiteRunner.java:384)
at org.testng.SuiteRunner.runSequentially(SuiteRunner.java:378)
at org.testng.SuiteRunner.privateRun(SuiteRunner.java:337)
at org.testng.SuiteRunner.run(SuiteRunner.java:286)
at org.testng.SuiteRunnerWorker.runSuite(SuiteRunnerWorker.java:53)
at org.testng.SuiteRunnerWorker.run(SuiteRunnerWorker.java:96)
at org.testng.TestNG.runSuitesSequentially(TestNG.java:1187)
at org.testng.TestNG.runSuitesLocally(TestNG.java:1109)
at org.testng.TestNG.runSuites(TestNG.java:1039)
at org.testng.TestNG.run(TestNG.java:1007)
at org.apache.maven.surefire.testng.TestNGExecutor.run(TestNGExecutor.java:283)
at org.apache.maven.surefire.testng.TestNGXmlTestSuite.execute(TestNGXmlTestSuite.java:75)
at org.apache.maven.surefire.testng.TestNGProvider.invoke(TestNGProvider.java:120)
at org.apache.maven.surefire.booter.ForkedBooter.runSuitesInProcess(ForkedBooter.java:377)
at org.apache.maven.surefire.booter.ForkedBooter.execute(ForkedBooter.java:138)
at org.apache.maven.surefire.booter.ForkedBooter.run(ForkedBooter.java:465)
at org.apache.maven.surefire.booter.ForkedBooter.main(ForkedBooter.java:451)
]]>
            </full-stacktrace>
          </exception> <!-- org.junit.ComparisonFailure -->
          <reporter-output>
          </reporter-output>
        </test-method> <!-- validateTitle -->
        <test-method status="PASS" signature="closeBrowsers()[pri:0, instance:Academy.ValidateTitle@f4168b8]" name="closeBrowsers" is-config="true" duration-ms="47" started-at="2020-05-26T13:52:47 BST" finished-at="2020-05-26T13:52:47 BST">
          <reporter-output>
          </reporter-output>
        </test-method> <!-- closeBrowsers -->
      </class> <!-- Academy.ValidateTitle -->
    </test> <!-- ValidateTitle -->
    <test name="ValidateNavBar" duration-ms="11525" started-at="2020-05-26T13:52:47 BST" finished-at="2020-05-26T13:52:58 BST">
      <class name="Academy.ValidateNavBar">
        <test-method status="PASS" signature="initialize()[pri:0, instance:Academy.ValidateNavBar@2f490758]" name="initialize" is-config="true" duration-ms="11438" started-at="2020-05-26T13:52:47 BST" finished-at="2020-05-26T13:52:58 BST">
          <reporter-output>
          </reporter-output>
        </test-method> <!-- initialize -->
        <test-method status="PASS" signature="validateNavBar()[pri:0, instance:Academy.ValidateNavBar@2f490758]" name="validateNavBar" duration-ms="40" started-at="2020-05-26T13:52:58 BST" finished-at="2020-05-26T13:52:58 BST">
          <reporter-output>
          </reporter-output>
        </test-method> <!-- validateNavBar -->
        <test-method status="PASS" signature="closeBrowsers()[pri:0, instance:Academy.ValidateNavBar@2f490758]" name="closeBrowsers" is-config="true" duration-ms="44" started-at="2020-05-26T13:52:58 BST" finished-at="2020-05-26T13:52:58 BST">
          <reporter-output>
          </reporter-output>
        </test-method> <!-- closeBrowsers -->
      </class> <!-- Academy.ValidateNavBar -->
    </test> <!-- ValidateNavBar -->
  </suite> <!-- Suite -->
</testng-results>
